[01m[K/home/amlab/CarMaker_ROS2_Original/ros/ros2_ws/src/cm_control_example/src/main.cpp:35:38:[m[K [01;31m[Kerror: [m[Kâ€˜[01m[KFloat64MultiArray[m[Kâ€™ is not a member of â€˜[01m[Kstd_msgs::msg[m[Kâ€™
   35 |     rclcpp::Publisher<std_msgs::msg::[01;31m[KFloat64MultiArray[m[K>::SharedPtr controlPublisher;
      |                                      [01;31m[K^~~~~~~~~~~~~~~~~[m[K
[01m[K/home/amlab/CarMaker_ROS2_Original/ros/ros2_ws/src/cm_control_example/src/main.cpp:35:55:[m[K [01;31m[Kerror: [m[Ktemplate argument 1 is invalid
   35 |     rclcpp::Publisher<std_msgs::msg::Float64MultiArray[01;31m[K>[m[K::SharedPtr controlPublisher;
      |                                                       [01;31m[K^[m[K
[01m[K/home/amlab/CarMaker_ROS2_Original/ros/ros2_ws/src/cm_control_example/src/main.cpp:35:58:[m[K [01;31m[Kerror: [m[Kexpected â€˜[01m[K;[m[Kâ€™ at end of member declaration
   35 |     rclcpp::Publisher<std_msgs::msg::Float64MultiArray>::[01;31m[KSharedPtr[m[K controlPublisher;
      |                                                          [01;31m[K^~~~~~~~~[m[K
      |                                                                   [32m[K;[m[K
[01m[K/home/amlab/CarMaker_ROS2_Original/ros/ros2_ws/src/cm_control_example/src/main.cpp:35:68:[m[K [01;31m[Kerror: [m[Kâ€˜[01m[KcontrolPublisher[m[Kâ€™ does not name a type
   35 | clcpp::Publisher<std_msgs::msg::Float64MultiArray>::SharedPtr [01;31m[KcontrolPublisher[m[K;
      |                                                               [01;31m[K^~~~~~~~~~~~~~~~[m[K

[01m[K/home/amlab/CarMaker_ROS2_Original/ros/ros2_ws/src/cm_control_example/src/main.cpp:36:41:[m[K [01;31m[Kerror: [m[Kâ€˜[01m[KFloat64MultiArray[m[Kâ€™ is not a member of â€˜[01m[Kstd_msgs::msg[m[Kâ€™
   36 |     rclcpp::Subscription<std_msgs::msg::[01;31m[KFloat64MultiArray[m[K>::SharedPtr vehicleInfoSubscriber;
      |                                         [01;31m[K^~~~~~~~~~~~~~~~~[m[K
[01m[K/home/amlab/CarMaker_ROS2_Original/ros/ros2_ws/src/cm_control_example/src/main.cpp:36:58:[m[K [01;31m[Kerror: [m[Ktemplate argument 1 is invalid
   36 |     rclcpp::Subscription<std_msgs::msg::Float64MultiArray[01;31m[K>[m[K::SharedPtr vehicleInfoSubscriber;
      |                                                          [01;31m[K^[m[K
[01m[K/home/amlab/CarMaker_ROS2_Original/ros/ros2_ws/src/cm_control_example/src/main.cpp:36:58:[m[K [01;31m[Kerror: [m[Ktemplate argument 3 is invalid
[01m[K/home/amlab/CarMaker_ROS2_Original/ros/ros2_ws/src/cm_control_example/src/main.cpp:36:61:[m[K [01;31m[Kerror: [m[Kexpected â€˜[01m[K;[m[Kâ€™ at end of member declaration
   36 |     rclcpp::Subscription<std_msgs::msg::Float64MultiArray>::[01;31m[KSharedPtr[m[K vehicleInfoSubscriber;
      |                                                             [01;31m[K^~~~~~~~~[m[K
      |                                                                      [32m[K;[m[K
[01m[K/home/amlab/CarMaker_ROS2_Original/ros/ros2_ws/src/cm_control_example/src/main.cpp:36:61:[m[K [01;31m[Kerror: [m[Kredeclaration of â€˜[01m[Kint cm_control_example::SharedPtr[m[Kâ€™
[01m[K/home/amlab/CarMaker_ROS2_Original/ros/ros2_ws/src/cm_control_example/src/main.cpp:35:58:[m[K [01;36m[Knote: [m[Kprevious declaration â€˜[01m[Kint cm_control_example::SharedPtr[m[Kâ€™
   35 |     rclcpp::Publisher<std_msgs::msg::Float64MultiArray>::[01;36m[KSharedPtr[m[K controlPublisher;
      |                                                          [01;36m[K^~~~~~~~~[m[K
[01m[K/home/amlab/CarMaker_ROS2_Original/ros/ros2_ws/src/cm_control_example/src/main.cpp:36:71:[m[K [01;31m[Kerror: [m[Kâ€˜[01m[KvehicleInfoSubscriber[m[Kâ€™ does not name a type
   36 | p::Subscription<std_msgs::msg::Float64MultiArray>::SharedPtr [01;31m[KvehicleInfoSubscriber[m[K;
      |                                                              [01;31m[K^~~~~~~~~~~~~~~~~~~~~[m[K

[01m[K/home/amlab/CarMaker_ROS2_Original/ros/ros2_ws/src/cm_control_example/src/main.cpp:[m[K In constructor â€˜[01m[Kcm_control_example::cm_control_example()[m[Kâ€™:
[01m[K/home/amlab/CarMaker_ROS2_Original/ros/ros2_ws/src/cm_control_example/src/main.cpp:19:9:[m[K [01;31m[Kerror: [m[Kâ€˜[01m[KcontrolPublisher[m[Kâ€™ was not declared in this scope
   19 |         [01;31m[KcontrolPublisher[m[K = this->create_publisher<std_msgs::msg::Float64MultiArray> ("control/vehicle_control", qos_profile);
      |         [01;31m[K^~~~~~~~~~~~~~~~[m[K
[01m[K/home/amlab/CarMaker_ROS2_Original/ros/ros2_ws/src/cm_control_example/src/main.cpp:19:66:[m[K [01;31m[Kerror: [m[Kâ€˜[01m[KFloat64MultiArray[m[Kâ€™ is not a member of â€˜[01m[Kstd_msgs::msg[m[Kâ€™
   19 |     controlPublisher = this->create_publisher<std_msgs::msg::[01;31m[KFloat64MultiArray[m[K> ("control/vehicle_control", qos_profile);
      |                                                              [01;31m[K^~~~~~~~~~~~~~~~~[m[K

[01m[K/home/amlab/CarMaker_ROS2_Original/ros/ros2_ws/src/cm_control_example/src/main.cpp:19:124:[m[K [01;31m[Kerror: [m[Kno matching function for call to â€˜[01m[Kcm_control_example::create_publisher<<expression error> >(const char [24], rclcpp::QoS&)[m[Kâ€™
   19 | g::Float64MultiArray> ("control/vehicle_control", qos_profile[01;31m[K)[m[K;
      |                                                              [01;31m[K^[m[K

In file included from [01m[K/opt/ros/galactic/include/rclcpp/executors/single_threaded_executor.hpp:28[m[K,
                 from [01m[K/opt/ros/galactic/include/rclcpp/executors.hpp:22[m[K,
                 from [01m[K/opt/ros/galactic/include/rclcpp/rclcpp.hpp:156[m[K,
                 from [01m[K/home/amlab/CarMaker_ROS2_Original/ros/ros2_ws/src/cm_control_example/src/main.cpp:2[m[K:
[01m[K/opt/ros/galactic/include/rclcpp/node.hpp:200:3:[m[K [01;36m[Knote: [m[Kcandidate: â€˜[01m[Ktemplate<class MessageT, class AllocatorT, class PublisherT> std::shared_ptr<PublisherT> rclcpp::Node::create_publisher(const string&, const rclcpp::QoS&, const rclcpp::PublisherOptionsWithAllocator<AllocatorT>&)[m[Kâ€™
  200 |   [01;36m[Kcreate_publisher[m[K(
      |   [01;36m[K^~~~~~~~~~~~~~~~[m[K
[01m[K/opt/ros/galactic/include/rclcpp/node.hpp:200:3:[m[K [01;36m[Knote: [m[K  template argument deduction/substitution failed:
[01m[K/home/amlab/CarMaker_ROS2_Original/ros/ros2_ws/src/cm_control_example/src/main.cpp:19:124:[m[K [01;31m[Kerror: [m[Ktemplate argument 1 is invalid
   19 | g::Float64MultiArray> ("control/vehicle_control", qos_profile[01;31m[K)[m[K;
      |                                                              [01;31m[K^[m[K

[01m[K/home/amlab/CarMaker_ROS2_Original/ros/ros2_ws/src/cm_control_example/src/main.cpp:20:9:[m[K [01;31m[Kerror: [m[Kâ€˜[01m[KvehicleInfoSubscriber[m[Kâ€™ was not declared in this scope
   20 |         [01;31m[KvehicleInfoSubscriber[m[K = this->create_subscription<std_msgs::msg::Float64MultiArray>
      |         [01;31m[K^~~~~~~~~~~~~~~~~~~~~[m[K
[01m[K/home/amlab/CarMaker_ROS2_Original/ros/ros2_ws/src/cm_control_example/src/main.cpp:20:74:[m[K [01;31m[Kerror: [m[Kâ€˜[01m[KFloat64MultiArray[m[Kâ€™ is not a member of â€˜[01m[Kstd_msgs::msg[m[Kâ€™
   20 | cleInfoSubscriber = this->create_subscription<std_msgs::msg::[01;31m[KFloat64MultiArray[m[K>
      |                                                              [01;31m[K^~~~~~~~~~~~~~~~~[m[K

[01m[K/home/amlab/CarMaker_ROS2_Original/ros/ros2_ws/src/cm_control_example/src/main.cpp:21:56:[m[K [01;31m[Kerror: [m[Kâ€˜[01m[KcontrolTest[m[Kâ€™ has not been declared
   21 |         ("/carmaker/vehicle_info_out2", 20, std::bind(&[01;31m[KcontrolTest[m[K::vehicleInfoCallback, this, _1));
      |                                                        [01;31m[K^~~~~~~~~~~[m[K
[01m[K/home/amlab/CarMaker_ROS2_Original/ros/ros2_ws/src/cm_control_example/src/main.cpp:22:59:[m[K [01;31m[Kerror: [m[Kâ€˜[01m[KcontrolTest[m[Kâ€™ has not been declared
   22 |         timer_ = this->create_wall_timer(10ms, std::bind(&[01;31m[KcontrolTest[m[K::timer_callback, this));
      |                                                           [01;31m[K^~~~~~~~~~~[m[K
[01m[K/home/amlab/CarMaker_ROS2_Original/ros/ros2_ws/src/cm_control_example/src/main.cpp:[m[K In member function â€˜[01m[Kvoid cm_control_example::timer_callback()[m[Kâ€™:
[01m[K/home/amlab/CarMaker_ROS2_Original/ros/ros2_ws/src/cm_control_example/src/main.cpp:27:38:[m[K [01;31m[Kerror: [m[Kâ€˜[01m[KFloat64MultiArray[m[Kâ€™ is not a member of â€˜[01m[Kstd_msgs::msg[m[Kâ€™
   27 |         auto msg_CM = std_msgs::msg::[01;31m[KFloat64MultiArray[m[K();
      |                                      [01;31m[K^~~~~~~~~~~~~~~~~[m[K
[01m[K/home/amlab/CarMaker_ROS2_Original/ros/ros2_ws/src/cm_control_example/src/main.cpp:31:15:[m[K [01;31m[Kerror: [m[Kâ€˜[01m[Kclass cm_control_example[m[Kâ€™ has no member named â€˜[01m[KcontrolPublisher[m[Kâ€™
   31 |         this->[01;31m[KcontrolPublisher[m[K->publish(msg_CM);
      |               [01;31m[K^~~~~~~~~~~~~~~~[m[K
make[2]: *** [CMakeFiles/cm_control_example.dir/build.make:63: CMakeFiles/cm_control_example.dir/src/main.cpp.o] Error 1
make[1]: *** [CMakeFiles/Makefile2:78: CMakeFiles/cm_control_example.dir/all] Error 2
make: *** [Makefile:141: all] Error 2
