[0.084s] Invoking command in '/home/amlab/URP_example/CarMaker_ROS2_Original/ros/ros2_ws/build/cm_control_example': CMAKE_PREFIX_PATH=${CMAKE_PREFIX_PATH}:/opt/ros/galactic /usr/bin/cmake --build /home/amlab/URP_example/CarMaker_ROS2_Original/ros/ros2_ws/build/cm_control_example -- -j12 -l12
[0.111s] [35m[1mScanning dependencies of target cm_control_example[0m
[0.127s] [ 33%] [32mBuilding CXX object CMakeFiles/cm_control_example.dir/src/main.cpp.o[0m
[1.099s] [01m[K/home/amlab/URP_example/CarMaker_ROS2_Original/ros/ros2_ws/src/cm_control_example/src/main.cpp:[m[K In member function â€˜[01m[Kvoid cm_control_example::vehicleInfoCallback(std_msgs::msg::Float64MultiArray_<std::allocator<void> >::SharedPtr)[m[Kâ€™:
[1.099s] [01m[K/home/amlab/URP_example/CarMaker_ROS2_Original/ros/ros2_ws/src/cm_control_example/src/main.cpp:30:29:[m[K [01;31m[Kerror: [m[Kâ€˜[01m[Kconst SharedPtr[m[Kâ€™ {aka â€˜[01m[Kconst class std::shared_ptr<std_msgs::msg::Float64MultiArray_<std::allocator<void> > >[m[Kâ€™} has no member named â€˜[01m[Ksize[m[Kâ€™
[1.099s]    30 |         for (int i=0; i<msg.[01;31m[Ksize[m[K(); i++) {
[1.099s]       |                             [01;31m[K^~~~[m[K
[2.151s] make[2]: *** [CMakeFiles/cm_control_example.dir/build.make:63: CMakeFiles/cm_control_example.dir/src/main.cpp.o] Error 1
[2.151s] make[1]: *** [CMakeFiles/Makefile2:78: CMakeFiles/cm_control_example.dir/all] Error 2
[2.152s] make: *** [Makefile:141: all] Error 2
[2.153s] Invoked command in '/home/amlab/URP_example/CarMaker_ROS2_Original/ros/ros2_ws/build/cm_control_example' returned '2': CMAKE_PREFIX_PATH=${CMAKE_PREFIX_PATH}:/opt/ros/galactic /usr/bin/cmake --build /home/amlab/URP_example/CarMaker_ROS2_Original/ros/ros2_ws/build/cm_control_example -- -j12 -l12
