In file included from [01m[K/home/amlab/CarMaker_ROS2_Original/ros/ros2_ws/src/control_test/src/controlTest.hpp:11[m[K,
                 from [01m[K/home/amlab/CarMaker_ROS2_Original/ros/ros2_ws/src/control_test/src/controlTest.cpp:16[m[K:
[01m[K/home/amlab/CarMaker_ROS2_Original/ros/ros2_ws/src/control_test/src/utils.hpp:[m[K In function â€˜[01m[KPoint _global2local(Point, Pose)[m[Kâ€™:
[01m[K/home/amlab/CarMaker_ROS2_Original/ros/ros2_ws/src/control_test/src/utils.hpp:61:17:[m[K [01;31m[Kerror: [m[Kâ€˜[01m[KPoint[m[Kâ€™ {aka â€˜[01m[Kclass std::vector<double, std::allocator<double> >[m[Kâ€™} has no member named â€˜[01m[Kx[m[Kâ€™
   61 |     local_point.[01;31m[Kx[m[K() = res[0];
      |                 [01;31m[K^[m[K
[01m[K/home/amlab/CarMaker_ROS2_Original/ros/ros2_ws/src/control_test/src/utils.hpp:62:17:[m[K [01;31m[Kerror: [m[Kâ€˜[01m[KPoint[m[Kâ€™ {aka â€˜[01m[Kclass std::vector<double, std::allocator<double> >[m[Kâ€™} has no member named â€˜[01m[Ky[m[Kâ€™
   62 |     local_point.[01;31m[Ky[m[K() = res[1];
      |                 [01;31m[K^[m[K
[01m[K/home/amlab/CarMaker_ROS2_Original/ros/ros2_ws/src/control_test/src/controlTest.cpp:[m[K In member function â€˜[01m[Kvoid controlTest::lppCallback(custom_msgs::msg::Paths)[m[Kâ€™:
[01m[K/home/amlab/CarMaker_ROS2_Original/ros/ros2_ws/src/control_test/src/controlTest.cpp:139:25:[m[K [01;35m[Kwarning: [m[Kcomparison of integer expressions of different signedness: â€˜[01m[Kint[m[Kâ€™ and â€˜[01m[Kstd::vector<double, std::allocator<double> >::size_type[m[Kâ€™ {aka â€˜[01m[Klong unsigned int[m[Kâ€™} [[01;35m[K-Wsign-compare[m[K]
  139 |         for (int i=0; [01;35m[Ki < lpp_x.size()[m[K; i++){
      |                       [01;35m[K~~^~~~~~~~~~~~~~[m[K
make[2]: *** [CMakeFiles/controlTest.dir/build.make:63: CMakeFiles/controlTest.dir/src/controlTest.cpp.o] Error 1
make[1]: *** [CMakeFiles/Makefile2:78: CMakeFiles/controlTest.dir/all] Error 2
make: *** [Makefile:141: all] Error 2
