-- Found ament_cmake: 1.1.6 (/opt/ros/galactic/share/ament_cmake/cmake)
-- Using PYTHON_EXECUTABLE: /usr/bin/python3
-- Override CMake install command with custom implementation using symlinks instead of copying resources
-- Found std_msgs: 2.2.4 (/opt/ros/galactic/share/std_msgs/cmake)
-- Using all available rosidl_typesupport_c: rosidl_typesupport_fastrtps_c;rosidl_typesupport_introspection_c
-- Found rosidl_adapter: 2.2.3 (/opt/ros/galactic/share/rosidl_adapter/cmake)
-- Using all available rosidl_typesupport_cpp: rosidl_typesupport_fastrtps_cpp;rosidl_typesupport_introspection_cpp
-- Found rclcpp: 9.2.2 (/opt/ros/galactic/share/rclcpp/cmake)
-- Found rmw_implementation_cmake: 3.3.1 (/opt/ros/galactic/share/rmw_implementation_cmake/cmake)
-- Found rmw_cyclonedds_cpp: 0.22.6 (/opt/ros/galactic/share/rmw_cyclonedds_cpp/cmake)
-- Using RMW implementation 'rmw_cyclonedds_cpp' as default
-- Found custom_msgs: 0.0.0 (/home/amlab/CarMaker_ROS2_Original/ros/ros2_ws/install/custom_msgs/share/custom_msgs/cmake)
-- Found visualization_msgs: 2.2.4 (/opt/ros/galactic/share/visualization_msgs/cmake)
-- Found ament_lint_auto: 0.10.7 (/opt/ros/galactic/share/ament_lint_auto/cmake)
-- Added test 'copyright' to check source files copyright and LICENSE
-- Added test 'cppcheck' to perform static code analysis on C / C++ code
-- Configured cppcheck include dirs: 
-- Configured cppcheck exclude dirs and/or files: 
-- Added test 'cpplint' to check C / C++ code against the Google style
-- Configured cpplint exclude dirs and/or files: 
-- Added test 'lint_cmake' to check CMake code style
-- Added test 'uncrustify' to check C / C++ code style
-- Configured uncrustify additional arguments: 
-- Added test 'xmllint' to check XML markup files
-- Configuring done
-- Generating done
-- Build files have been written to: /home/amlab/CarMaker_ROS2_Original/ros/ros2_ws/build/control_test
[35m[1mScanning dependencies of target controlTest[0m
[ 50%] [32mBuilding CXX object CMakeFiles/controlTest.dir/src/controlTest.cpp.o[0m
In file included from [01m[K/home/amlab/CarMaker_ROS2_Original/ros/ros2_ws/src/control_test/src/controlTest.hpp:11[m[K,
                 from [01m[K/home/amlab/CarMaker_ROS2_Original/ros/ros2_ws/src/control_test/src/controlTest.cpp:16[m[K:
[01m[K/home/amlab/CarMaker_ROS2_Original/ros/ros2_ws/src/control_test/src/utils.hpp:[m[K In function â€˜[01m[KPoint _global2local(Point, Pose)[m[Kâ€™:
[01m[K/home/amlab/CarMaker_ROS2_Original/ros/ros2_ws/src/control_test/src/utils.hpp:61:17:[m[K [01;31m[Kerror: [m[Kâ€˜[01m[KPoint[m[Kâ€™ {aka â€˜[01m[Kclass std::vector<double, std::allocator<double> >[m[Kâ€™} has no member named â€˜[01m[Kx[m[Kâ€™
   61 |     local_point.[01;31m[Kx[m[K() = res[0];
      |                 [01;31m[K^[m[K
[01m[K/home/amlab/CarMaker_ROS2_Original/ros/ros2_ws/src/control_test/src/utils.hpp:62:17:[m[K [01;31m[Kerror: [m[Kâ€˜[01m[KPoint[m[Kâ€™ {aka â€˜[01m[Kclass std::vector<double, std::allocator<double> >[m[Kâ€™} has no member named â€˜[01m[Ky[m[Kâ€™
   62 |     local_point.[01;31m[Ky[m[K() = res[1];
      |                 [01;31m[K^[m[K
[01m[K/home/amlab/CarMaker_ROS2_Original/ros/ros2_ws/src/control_test/src/controlTest.cpp:[m[K In member function â€˜[01m[Kvoid controlTest::lppCallback(custom_msgs::msg::Paths)[m[Kâ€™:
[01m[K/home/amlab/CarMaker_ROS2_Original/ros/ros2_ws/src/control_test/src/controlTest.cpp:139:25:[m[K [01;35m[Kwarning: [m[Kcomparison of integer expressions of different signedness: â€˜[01m[Kint[m[Kâ€™ and â€˜[01m[Kstd::vector<double, std::allocator<double> >::size_type[m[Kâ€™ {aka â€˜[01m[Klong unsigned int[m[Kâ€™} [[01;35m[K-Wsign-compare[m[K]
  139 |         for (int i=0; [01;35m[Ki < lpp_x.size()[m[K; i++){
      |                       [01;35m[K~~^~~~~~~~~~~~~~[m[K
make[2]: *** [CMakeFiles/controlTest.dir/build.make:63: CMakeFiles/controlTest.dir/src/controlTest.cpp.o] Error 1
make[1]: *** [CMakeFiles/Makefile2:78: CMakeFiles/controlTest.dir/all] Error 2
make: *** [Makefile:141: all] Error 2
