[0.167s] Invoking command in '/home/amlab/CarMaker_ROS2_Original/ros/ros2_ws/build/control_test': CMAKE_PREFIX_PATH=${CMAKE_PREFIX_PATH}:/opt/ros/galactic /usr/bin/cmake /home/amlab/CarMaker_ROS2_Original/ros/ros2_ws/src/control_test -DCMAKE_INSTALL_PREFIX=/home/amlab/CarMaker_ROS2_Original/ros/ros2_ws/install/control_test
[0.175s] -- Found ament_cmake: 1.1.6 (/opt/ros/galactic/share/ament_cmake/cmake)
[0.189s] -- Using PYTHON_EXECUTABLE: /usr/bin/python3
[0.225s] -- Override CMake install command with custom implementation using symlinks instead of copying resources
[0.229s] -- Found std_msgs: 2.2.4 (/opt/ros/galactic/share/std_msgs/cmake)
[0.241s] -- Using all available rosidl_typesupport_c: rosidl_typesupport_fastrtps_c;rosidl_typesupport_introspection_c
[0.243s] -- Found rosidl_adapter: 2.2.3 (/opt/ros/galactic/share/rosidl_adapter/cmake)
[0.314s] -- Using all available rosidl_typesupport_cpp: rosidl_typesupport_fastrtps_cpp;rosidl_typesupport_introspection_cpp
[0.340s] -- Found rclcpp: 9.2.2 (/opt/ros/galactic/share/rclcpp/cmake)
[0.366s] -- Found rmw_implementation_cmake: 3.3.1 (/opt/ros/galactic/share/rmw_implementation_cmake/cmake)
[0.367s] -- Found rmw_cyclonedds_cpp: 0.22.6 (/opt/ros/galactic/share/rmw_cyclonedds_cpp/cmake)
[0.379s] -- Using RMW implementation 'rmw_cyclonedds_cpp' as default
[0.462s] -- Found custom_msgs: 0.0.0 (/home/amlab/CarMaker_ROS2_Original/ros/ros2_ws/install/custom_msgs/share/custom_msgs/cmake)
[0.473s] -- Found visualization_msgs: 2.2.4 (/opt/ros/galactic/share/visualization_msgs/cmake)
[0.546s] -- Found ament_lint_auto: 0.10.7 (/opt/ros/galactic/share/ament_lint_auto/cmake)
[0.593s] -- Added test 'copyright' to check source files copyright and LICENSE
[0.594s] -- Added test 'cppcheck' to perform static code analysis on C / C++ code
[0.594s] -- Configured cppcheck include dirs: 
[0.594s] -- Configured cppcheck exclude dirs and/or files: 
[0.594s] -- Added test 'cpplint' to check C / C++ code against the Google style
[0.594s] -- Configured cpplint exclude dirs and/or files: 
[0.595s] -- Added test 'lint_cmake' to check CMake code style
[0.595s] -- Added test 'uncrustify' to check C / C++ code style
[0.595s] -- Configured uncrustify additional arguments: 
[0.596s] -- Added test 'xmllint' to check XML markup files
[0.599s] -- Configuring done
[0.604s] -- Generating done
[0.604s] -- Build files have been written to: /home/amlab/CarMaker_ROS2_Original/ros/ros2_ws/build/control_test
[0.609s] Invoked command in '/home/amlab/CarMaker_ROS2_Original/ros/ros2_ws/build/control_test' returned '0': CMAKE_PREFIX_PATH=${CMAKE_PREFIX_PATH}:/opt/ros/galactic /usr/bin/cmake /home/amlab/CarMaker_ROS2_Original/ros/ros2_ws/src/control_test -DCMAKE_INSTALL_PREFIX=/home/amlab/CarMaker_ROS2_Original/ros/ros2_ws/install/control_test
[0.610s] Invoking command in '/home/amlab/CarMaker_ROS2_Original/ros/ros2_ws/build/control_test': CMAKE_PREFIX_PATH=${CMAKE_PREFIX_PATH}:/opt/ros/galactic /usr/bin/cmake --build /home/amlab/CarMaker_ROS2_Original/ros/ros2_ws/build/control_test -- -j12 -l12
[0.634s] [35m[1mScanning dependencies of target controlTest[0m
[0.657s] [ 50%] [32mBuilding CXX object CMakeFiles/controlTest.dir/src/controlTest.cpp.o[0m
[2.056s] In file included from [01m[K/home/amlab/CarMaker_ROS2_Original/ros/ros2_ws/src/control_test/src/controlTest.hpp:11[m[K,
[2.056s]                  from [01m[K/home/amlab/CarMaker_ROS2_Original/ros/ros2_ws/src/control_test/src/controlTest.cpp:16[m[K:
[2.056s] [01m[K/home/amlab/CarMaker_ROS2_Original/ros/ros2_ws/src/control_test/src/utils.hpp:[m[K In function â€˜[01m[KPoint _global2local(Point, Pose)[m[Kâ€™:
[2.056s] [01m[K/home/amlab/CarMaker_ROS2_Original/ros/ros2_ws/src/control_test/src/utils.hpp:61:17:[m[K [01;31m[Kerror: [m[Kâ€˜[01m[KPoint[m[Kâ€™ {aka â€˜[01m[Kclass std::vector<double, std::allocator<double> >[m[Kâ€™} has no member named â€˜[01m[Kx[m[Kâ€™
[2.056s]    61 |     local_point.[01;31m[Kx[m[K() = res[0];
[2.056s]       |                 [01;31m[K^[m[K
[2.056s] [01m[K/home/amlab/CarMaker_ROS2_Original/ros/ros2_ws/src/control_test/src/utils.hpp:62:17:[m[K [01;31m[Kerror: [m[Kâ€˜[01m[KPoint[m[Kâ€™ {aka â€˜[01m[Kclass std::vector<double, std::allocator<double> >[m[Kâ€™} has no member named â€˜[01m[Ky[m[Kâ€™
[2.056s]    62 |     local_point.[01;31m[Ky[m[K() = res[1];
[2.056s]       |                 [01;31m[K^[m[K
[2.172s] [01m[K/home/amlab/CarMaker_ROS2_Original/ros/ros2_ws/src/control_test/src/controlTest.cpp:[m[K In member function â€˜[01m[Kvoid controlTest::lppCallback(custom_msgs::msg::Paths)[m[Kâ€™:
[2.172s] [01m[K/home/amlab/CarMaker_ROS2_Original/ros/ros2_ws/src/control_test/src/controlTest.cpp:139:25:[m[K [01;35m[Kwarning: [m[Kcomparison of integer expressions of different signedness: â€˜[01m[Kint[m[Kâ€™ and â€˜[01m[Kstd::vector<double, std::allocator<double> >::size_type[m[Kâ€™ {aka â€˜[01m[Klong unsigned int[m[Kâ€™} [[01;35m[K-Wsign-compare[m[K]
[2.172s]   139 |         for (int i=0; [01;35m[Ki < lpp_x.size()[m[K; i++){
[2.172s]       |                       [01;35m[K~~^~~~~~~~~~~~~~[m[K
[4.550s] make[2]: *** [CMakeFiles/controlTest.dir/build.make:63: CMakeFiles/controlTest.dir/src/controlTest.cpp.o] Error 1
[4.550s] make[1]: *** [CMakeFiles/Makefile2:78: CMakeFiles/controlTest.dir/all] Error 2
[4.551s] make: *** [Makefile:141: all] Error 2
[4.552s] Invoked command in '/home/amlab/CarMaker_ROS2_Original/ros/ros2_ws/build/control_test' returned '2': CMAKE_PREFIX_PATH=${CMAKE_PREFIX_PATH}:/opt/ros/galactic /usr/bin/cmake --build /home/amlab/CarMaker_ROS2_Original/ros/ros2_ws/build/control_test -- -j12 -l12
