[0.243s] Invoking command in '/home/amlab/CarMaker_ROS2_Original/ros/ros2_ws/build/cm_control_example': CMAKE_PREFIX_PATH=${CMAKE_PREFIX_PATH}:/opt/ros/galactic /usr/bin/cmake --build /home/amlab/CarMaker_ROS2_Original/ros/ros2_ws/build/cm_control_example -- -j12 -l12
[0.265s] [35m[1mScanning dependencies of target cm_control_example[0m
[0.289s] [ 50%] [32mBuilding CXX object CMakeFiles/cm_control_example.dir/src/main.cpp.o[0m
[1.223s] [01m[K/home/amlab/CarMaker_ROS2_Original/ros/ros2_ws/src/cm_control_example/src/main.cpp:[m[K In constructor â€˜[01m[Kcm_control_example::cm_control_example()[m[Kâ€™:
[1.223s] [01m[K/home/amlab/CarMaker_ROS2_Original/ros/ros2_ws/src/cm_control_example/src/main.cpp:23:56:[m[K [01;31m[Kerror: [m[Kâ€˜[01m[KcontrolTest[m[Kâ€™ has not been declared
[1.223s]    23 |         ("/carmaker/vehicle_info_out2", 20, std::bind(&[01;31m[KcontrolTest[m[K::vehicleInfoCallback, this, _1));
[1.223s]       |                                                        [01;31m[K^~~~~~~~~~~[m[K
[1.223s] [01m[K/home/amlab/CarMaker_ROS2_Original/ros/ros2_ws/src/cm_control_example/src/main.cpp:24:59:[m[K [01;31m[Kerror: [m[Kâ€˜[01m[KcontrolTest[m[Kâ€™ has not been declared
[1.223s]    24 |         timer_ = this->create_wall_timer(10ms, std::bind(&[01;31m[KcontrolTest[m[K::timer_callback, this));
[1.223s]       |                                                           [01;31m[K^~~~~~~~~~~[m[K
[1.724s] make[2]: *** [CMakeFiles/cm_control_example.dir/build.make:63: CMakeFiles/cm_control_example.dir/src/main.cpp.o] Error 1
[1.724s] make[1]: *** [CMakeFiles/Makefile2:78: CMakeFiles/cm_control_example.dir/all] Error 2
[1.724s] make: *** [Makefile:141: all] Error 2
[1.725s] Invoked command in '/home/amlab/CarMaker_ROS2_Original/ros/ros2_ws/build/cm_control_example' returned '2': CMAKE_PREFIX_PATH=${CMAKE_PREFIX_PATH}:/opt/ros/galactic /usr/bin/cmake --build /home/amlab/CarMaker_ROS2_Original/ros/ros2_ws/build/cm_control_example -- -j12 -l12
