[35m[1mScanning dependencies of target cm_control_example[0m
[ 33%] [32mBuilding CXX object CMakeFiles/cm_control_example.dir/src/main.cpp.o[0m
[01m[K/home/amlab/URP_example/CarMaker_ROS2_Original/ros/ros2_ws/src/cm_control_example/src/main.cpp:29:1:[m[K [01;31m[Kerror: [m[Kexpected unqualified-id before â€˜[01m[Kfor[m[Kâ€™
   29 | [01;31m[Kfor[m[K (char p; ist >> p;) str += p;
      | [01;31m[K^~~[m[K
[01m[K/home/amlab/URP_example/CarMaker_ROS2_Original/ros/ros2_ws/src/cm_control_example/src/main.cpp:29:14:[m[K [01;31m[Kerror: [m[Kâ€˜[01m[Kist[m[Kâ€™ does not name a type; did you mean â€˜[01m[Kint[m[Kâ€™?
   29 | for (char p; [01;31m[Kist[m[K >> p;) str += p;
      |              [01;31m[K^~~[m[K
      |              [32m[Kint[m[K
[01m[K/home/amlab/URP_example/CarMaker_ROS2_Original/ros/ros2_ws/src/cm_control_example/src/main.cpp:29:23:[m[K [01;31m[Kerror: [m[Kexpected unqualified-id before â€˜[01m[K)[m[Kâ€™ token
   29 | for (char p; ist >> p;[01;31m[K)[m[K str += p;
      |                       [01;31m[K^[m[K
make[2]: *** [CMakeFiles/cm_control_example.dir/build.make:63: CMakeFiles/cm_control_example.dir/src/main.cpp.o] Error 1
make[1]: *** [CMakeFiles/Makefile2:78: CMakeFiles/cm_control_example.dir/all] Error 2
make: *** [Makefile:141: all] Error 2
