[0.084s] Invoking command in '/home/amlab/URP_example/CarMaker_ROS2_Original/ros/ros2_ws/build/cm_control_example': CMAKE_PREFIX_PATH=${CMAKE_PREFIX_PATH}:/opt/ros/galactic /usr/bin/cmake --build /home/amlab/URP_example/CarMaker_ROS2_Original/ros/ros2_ws/build/cm_control_example -- -j12 -l12
[0.108s] [35m[1mScanning dependencies of target cm_control_example[0m
[0.122s] [ 50%] [32mBuilding CXX object CMakeFiles/cm_control_example.dir/src/main.cpp.o[0m
[1.054s] [01m[K/home/amlab/URP_example/CarMaker_ROS2_Original/ros/ros2_ws/src/cm_control_example/src/main.cpp:[m[K In member function ‚Äò[01m[Kvoid cm_control_example::vehicleInfoCallback(std_msgs::msg::Float64MultiArray_<std::allocator<void> >::SharedPtr)[m[K‚Äô:
[1.055s] [01m[K/home/amlab/URP_example/CarMaker_ROS2_Original/ros/ros2_ws/src/cm_control_example/src/main.cpp:27:80:[m[K [01;35m[Kwarning: [m[Kunused parameter ‚Äò[01m[Kmsg[m[K‚Äô [[01;35m[K]8;;https://gcc.gnu.org/onlinedocs/gcc/Warning-Options.html#index-Wunused-parameter-Wunused-parameter]8;;[m[K]
[1.055s]    27 | cleInfoCallback([01;35m[Kconst std_msgs::msg::Float64MultiArray::SharedPtr msg[m[K)
[1.055s]       |                 [01;35m[K~~~~~~~~~~~~~~~~~~~~~~~~~~~~~~~~~~~~~~~~~~~~~~~~~~^~~[m[K
[1.055s] 
[1.055s] [01m[K/home/amlab/URP_example/CarMaker_ROS2_Original/ros/ros2_ws/src/cm_control_example/src/main.cpp:[m[K In member function ‚Äò[01m[Kvoid cm_control_example::timer_callback()[m[K‚Äô:
[1.055s] [01m[K/home/amlab/URP_example/CarMaker_ROS2_Original/ros/ros2_ws/src/cm_control_example/src/main.cpp:5:14:[m[K [01;31m[Kerror: [m[Kexpected ‚Äò[01m[K([m[K‚Äô before numeric constant
[1.055s]     5 | #define MODE [01;31m[K2[m[K // MODE 1 : ÏûêÏú®Ï£ºÌñâ Î™®Îìú, MODE 2 : Route Îî∞ÎùºÏÑú Í∞ÄÎäî Î™®Îìú
[1.055s]       |              [01;31m[K^[m[K
[1.055s] [01m[K/home/amlab/URP_example/CarMaker_ROS2_Original/ros/ros2_ws/src/cm_control_example/src/main.cpp:37:12:[m[K [01;36m[Knote: [m[Kin expansion of macro ‚Äò[01m[KMODE[m[K‚Äô
[1.055s]    37 |         if [01;36m[KMODE[m[K == 1 {
[1.055s]       |            [01;36m[K^~~~[m[K
[1.055s] [01m[K/home/amlab/URP_example/CarMaker_ROS2_Original/ros/ros2_ws/src/cm_control_example/src/main.cpp:41:11:[m[K [01;31m[Kerror: [m[K‚Äò[01m[Kelse[m[K‚Äô without a previous ‚Äò[01m[Kif[m[K‚Äô
[1.055s]    41 |         } [01;31m[Kelse[m[K if MODE == 2 {
[1.055s]       |           [01;31m[K^~~~[m[K
[1.055s] [01m[K/home/amlab/URP_example/CarMaker_ROS2_Original/ros/ros2_ws/src/cm_control_example/src/main.cpp:5:14:[m[K [01;31m[Kerror: [m[Kexpected ‚Äò[01m[K([m[K‚Äô before numeric constant
[1.055s]     5 | #define MODE [01;31m[K2[m[K // MODE 1 : ÏûêÏú®Ï£ºÌñâ Î™®Îìú, MODE 2 : Route Îî∞ÎùºÏÑú Í∞ÄÎäî Î™®Îìú
[1.055s]       |              [01;31m[K^[m[K
[1.055s] [01m[K/home/amlab/URP_example/CarMaker_ROS2_Original/ros/ros2_ws/src/cm_control_example/src/main.cpp:41:19:[m[K [01;36m[Knote: [m[Kin expansion of macro ‚Äò[01m[KMODE[m[K‚Äô
[1.055s]    41 |         } else if [01;36m[KMODE[m[K == 2 {
[1.055s]       |                   [01;36m[K^~~~[m[K
[1.055s] [01m[K/home/amlab/URP_example/CarMaker_ROS2_Original/ros/ros2_ws/src/cm_control_example/src/main.cpp:35:16:[m[K [01;35m[Kwarning: [m[Kunused variable ‚Äò[01m[Ksteer_input[m[K‚Äô [[01;35m[K]8;;https://gcc.gnu.org/onlinedocs/gcc/Warning-Options.html#index-Wunused-variable-Wunused-variable]8;;[m[K]
[1.055s]    35 |         double [01;35m[Ksteer_input[m[K = 0.1;
[1.055s]       |                [01;35m[K^~~~~~~~~~~[m[K
[1.055s] [01m[K/home/amlab/URP_example/CarMaker_ROS2_Original/ros/ros2_ws/src/cm_control_example/src/main.cpp:36:16:[m[K [01;35m[Kwarning: [m[Kunused variable ‚Äò[01m[Kacc_input[m[K‚Äô [[01;35m[K]8;;https://gcc.gnu.org/onlinedocs/gcc/Warning-Options.html#index-Wunused-variable-Wunused-variable]8;;[m[K]
[1.055s]    36 |         double [01;35m[Kacc_input[m[K = 0.5;
[1.055s]       |                [01;35m[K^~~~~~~~~[m[K
[1.904s] make[2]: *** [CMakeFiles/cm_control_example.dir/build.make:63: CMakeFiles/cm_control_example.dir/src/main.cpp.o] Error 1
[1.904s] make[1]: *** [CMakeFiles/Makefile2:78: CMakeFiles/cm_control_example.dir/all] Error 2
[1.904s] make: *** [Makefile:141: all] Error 2
[1.906s] Invoked command in '/home/amlab/URP_example/CarMaker_ROS2_Original/ros/ros2_ws/build/cm_control_example' returned '2': CMAKE_PREFIX_PATH=${CMAKE_PREFIX_PATH}:/opt/ros/galactic /usr/bin/cmake --build /home/amlab/URP_example/CarMaker_ROS2_Original/ros/ros2_ws/build/cm_control_example -- -j12 -l12
