[01m[K/home/amlab/CarMaker_ROS2_Original/ros/ros2_ws/src/cm_control_example/src/main.cpp:[m[K In constructor â€˜[01m[Kcm_control_example::cm_control_example()[m[Kâ€™:
[01m[K/home/amlab/CarMaker_ROS2_Original/ros/ros2_ws/src/cm_control_example/src/main.cpp:23:76:[m[K [01;31m[Kerror: [m[Kâ€˜[01m[KvehicleInfoCallback[m[Kâ€™ is not a member of â€˜[01m[Kcm_control_example[m[Kâ€™
   23 | maker/vehicle_info_out2", 20, std::bind(&cm_control_example::[01;31m[KvehicleInfoCallback[m[K, this, _1));
      |                                                              [01;31m[K^~~~~~~~~~~~~~~~~~~[m[K

make[2]: *** [CMakeFiles/cm_control_example.dir/build.make:63: CMakeFiles/cm_control_example.dir/src/main.cpp.o] Error 1
make[1]: *** [CMakeFiles/Makefile2:78: CMakeFiles/cm_control_example.dir/all] Error 2
make: *** [Makefile:141: all] Error 2
