[0.237s] Invoking command in '/home/amlab/CarMaker_ROS2_Original/ros/ros2_ws/build/cm_control_example': CMAKE_PREFIX_PATH=${CMAKE_PREFIX_PATH}:/opt/ros/galactic /usr/bin/cmake --build /home/amlab/CarMaker_ROS2_Original/ros/ros2_ws/build/cm_control_example -- -j12 -l12
[0.260s] [35m[1mScanning dependencies of target cm_control_example[0m
[0.282s] [ 50%] [32mBuilding CXX object CMakeFiles/cm_control_example.dir/src/main.cpp.o[0m
[1.176s] [01m[K/home/amlab/CarMaker_ROS2_Original/ros/ros2_ws/src/cm_control_example/src/main.cpp:27:68:[m[K [01;31m[Kerror: [m[Kexpected â€˜[01m[K,[m[Kâ€™ or â€˜[01m[K...[m[Kâ€™ before â€˜[01m[K:[m[Kâ€™ token
[1.176s]    27 | void vehicleInfoCallback(const std_msgs::msg::Float64MultiArray[01;31m[K:[m[K;SharedPtr msg)
[1.176s]       |                                                                [01;31m[K^[m[K
[1.176s] 
[1.176s] [01m[K/home/amlab/CarMaker_ROS2_Original/ros/ros2_ws/src/cm_control_example/src/main.cpp:27:69:[m[K [01;31m[Kerror: [m[Kexpected â€˜[01m[K)[m[Kâ€™ before â€˜[01m[K;[m[Kâ€™ token
[1.176s]    27 | void vehicleInfoCallback[34m[K([m[Kconst std_msgs::msg::Float64MultiArray:[01;31m[K;[m[KSharedPtr msg)
[1.176s]       |                         [34m[K~[m[K                                       [01;31m[K^[m[K
[1.176s]       |                                                                 [32m[K)[m[K
[1.176s] [01m[K/home/amlab/CarMaker_ROS2_Original/ros/ros2_ws/src/cm_control_example/src/main.cpp:27:80:[m[K [01;31m[Kerror: [m[Kexpected â€˜[01m[K;[m[Kâ€™ at end of member declaration
[1.176s]    27 | foCallback(const std_msgs::msg::Float64MultiArray:;SharedPtr [01;31m[Kmsg[m[K)
[1.176s]       |                                                              [01;31m[K^~~[m[K
[1.176s]       |                                                                 [32m[K;[m[K
[1.176s] [01m[K/home/amlab/CarMaker_ROS2_Original/ros/ros2_ws/src/cm_control_example/src/main.cpp:27:83:[m[K [01;31m[Kerror: [m[Kexpected unqualified-id before â€˜[01m[K)[m[Kâ€™ token
[1.176s]    27 | allback(const std_msgs::msg::Float64MultiArray:;SharedPtr msg[01;31m[K)[m[K
[1.176s]       |                                                              [01;31m[K^[m[K
[1.176s] 
[2.429s] make[2]: *** [CMakeFiles/cm_control_example.dir/build.make:63: CMakeFiles/cm_control_example.dir/src/main.cpp.o] Error 1
[2.429s] make[1]: *** [CMakeFiles/Makefile2:78: CMakeFiles/cm_control_example.dir/all] Error 2
[2.430s] make: *** [Makefile:141: all] Error 2
[2.431s] Invoked command in '/home/amlab/CarMaker_ROS2_Original/ros/ros2_ws/build/cm_control_example' returned '2': CMAKE_PREFIX_PATH=${CMAKE_PREFIX_PATH}:/opt/ros/galactic /usr/bin/cmake --build /home/amlab/CarMaker_ROS2_Original/ros/ros2_ws/build/cm_control_example -- -j12 -l12
