[0.245s] Invoking command in '/home/amlab/CarMaker_ROS2_Original/ros/ros2_ws/src/build/cm_control_example': CMAKE_PREFIX_PATH=${CMAKE_PREFIX_PATH}:/opt/ros/galactic /usr/bin/cmake /home/amlab/CarMaker_ROS2_Original/ros/ros2_ws/src/cm_control_example -DCMAKE_INSTALL_PREFIX=/home/amlab/CarMaker_ROS2_Original/ros/ros2_ws/src/install/cm_control_example
[0.277s] -- The C compiler identification is GNU 9.4.0
[0.312s] -- The CXX compiler identification is GNU 9.4.0
[0.316s] -- Check for working C compiler: /usr/bin/cc
[0.356s] -- Check for working C compiler: /usr/bin/cc -- works
[0.357s] -- Detecting C compiler ABI info
[0.397s] -- Detecting C compiler ABI info - done
[0.405s] -- Detecting C compile features
[0.405s] -- Detecting C compile features - done
[0.406s] -- Check for working CXX compiler: /usr/bin/c++
[0.455s] -- Check for working CXX compiler: /usr/bin/c++ -- works
[0.456s] -- Detecting CXX compiler ABI info
[0.511s] -- Detecting CXX compiler ABI info - done
[0.519s] -- Detecting CXX compile features
[0.520s] -- Detecting CXX compile features - done
[0.521s] -- Found ament_cmake: 1.1.6 (/opt/ros/galactic/share/ament_cmake/cmake)
[0.538s] -- Found PythonInterp: /usr/bin/python3 (found suitable version "3.8.10", minimum required is "3") 
[0.539s] -- Using PYTHON_EXECUTABLE: /usr/bin/python3
[0.598s] -- Found std_msgs: 2.2.4 (/opt/ros/galactic/share/std_msgs/cmake)
[0.627s] -- Using all available rosidl_typesupport_c: rosidl_typesupport_fastrtps_c;rosidl_typesupport_introspection_c
[0.634s] -- Found rosidl_adapter: 2.2.3 (/opt/ros/galactic/share/rosidl_adapter/cmake)
[0.680s] -- Found OpenSSL: /usr/lib/x86_64-linux-gnu/libcrypto.so (found version "1.1.1f")  
[0.705s] -- Found FastRTPS: /opt/ros/galactic/include  
[0.762s] -- Using all available rosidl_typesupport_cpp: rosidl_typesupport_fastrtps_cpp;rosidl_typesupport_introspection_cpp
[0.791s] -- Found rclcpp: 9.2.2 (/opt/ros/galactic/share/rclcpp/cmake)
[0.824s] -- Found rmw_implementation_cmake: 3.3.1 (/opt/ros/galactic/share/rmw_implementation_cmake/cmake)
[0.826s] -- Found rmw_cyclonedds_cpp: 0.22.6 (/opt/ros/galactic/share/rmw_cyclonedds_cpp/cmake)
[0.839s] -- Using RMW implementation 'rmw_cyclonedds_cpp' as default
[0.839s] -- Looking for pthread.h
[0.883s] -- Looking for pthread.h - found
[0.883s] -- Performing Test CMAKE_HAVE_LIBC_PTHREAD
[0.927s] -- Performing Test CMAKE_HAVE_LIBC_PTHREAD - Failed
[0.927s] -- Looking for pthread_create in pthreads
[0.963s] -- Looking for pthread_create in pthreads - not found
[0.963s] -- Looking for pthread_create in pthread
[1.005s] -- Looking for pthread_create in pthread - found
[1.005s] -- Found Threads: TRUE  
[1.130s] -- Found visualization_msgs: 2.2.4 (/opt/ros/galactic/share/visualization_msgs/cmake)
[1.252s] -- Found ament_lint_auto: 0.10.7 (/opt/ros/galactic/share/ament_lint_auto/cmake)
[1.304s] -- Added test 'copyright' to check source files copyright and LICENSE
[1.305s] -- Added test 'cppcheck' to perform static code analysis on C / C++ code
[1.305s] -- Configured cppcheck include dirs: 
[1.305s] -- Configured cppcheck exclude dirs and/or files: 
[1.305s] -- Added test 'cpplint' to check C / C++ code against the Google style
[1.305s] -- Configured cpplint exclude dirs and/or files: 
[1.306s] -- Added test 'lint_cmake' to check CMake code style
[1.306s] -- Added test 'uncrustify' to check C / C++ code style
[1.306s] -- Configured uncrustify additional arguments: 
[1.307s] -- Added test 'xmllint' to check XML markup files
[1.309s] -- Configuring done
[1.314s] -- Generating done
[1.315s] -- Build files have been written to: /home/amlab/CarMaker_ROS2_Original/ros/ros2_ws/src/build/cm_control_example
[1.320s] Invoked command in '/home/amlab/CarMaker_ROS2_Original/ros/ros2_ws/src/build/cm_control_example' returned '0': CMAKE_PREFIX_PATH=${CMAKE_PREFIX_PATH}:/opt/ros/galactic /usr/bin/cmake /home/amlab/CarMaker_ROS2_Original/ros/ros2_ws/src/cm_control_example -DCMAKE_INSTALL_PREFIX=/home/amlab/CarMaker_ROS2_Original/ros/ros2_ws/src/install/cm_control_example
[1.322s] Invoking command in '/home/amlab/CarMaker_ROS2_Original/ros/ros2_ws/src/build/cm_control_example': CMAKE_PREFIX_PATH=${CMAKE_PREFIX_PATH}:/opt/ros/galactic /usr/bin/cmake --build /home/amlab/CarMaker_ROS2_Original/ros/ros2_ws/src/build/cm_control_example -- -j12 -l12
[1.352s] [35m[1mScanning dependencies of target cm_control_example[0m
[1.360s] [ 50%] [32mBuilding CXX object CMakeFiles/cm_control_example.dir/src/main.cpp.o[0m
[1.377s] [100%] [32m[1mLinking CXX executable cm_control_example[0m
[1.418s] /usr/bin/ld: /usr/lib/gcc/x86_64-linux-gnu/9/../../../x86_64-linux-gnu/Scrt1.o: in function `_start':
[1.418s] (.text+0x24): undefined reference to `main'
[1.418s] collect2: error: ld returned 1 exit status
[1.419s] make[2]: *** [CMakeFiles/cm_control_example.dir/build.make:142: cm_control_example] Error 1
[1.419s] make[1]: *** [CMakeFiles/Makefile2:78: CMakeFiles/cm_control_example.dir/all] Error 2
[1.420s] make: *** [Makefile:141: all] Error 2
[1.421s] Invoked command in '/home/amlab/CarMaker_ROS2_Original/ros/ros2_ws/src/build/cm_control_example' returned '2': CMAKE_PREFIX_PATH=${CMAKE_PREFIX_PATH}:/opt/ros/galactic /usr/bin/cmake --build /home/amlab/CarMaker_ROS2_Original/ros/ros2_ws/src/build/cm_control_example -- -j12 -l12
